Flow report for bancoRegistradores
Mon Apr 08 16:24:23 2019
Quartus II 64-Bit Version 13.0.0 Build 156 04/24/2013 SJ Web Edition


---------------------
; Table of Contents ;
---------------------
  1. Legal Notice
  2. Flow Summary
  3. Flow Settings
  4. Flow Non-Default Global Settings
  5. Flow Elapsed Time
  6. Flow OS Summary
  7. Flow Log
  8. Flow Messages
  9. Flow Suppressed Messages



----------------
; Legal Notice ;
----------------
Copyright (C) 1991-2013 Altera Corporation
Your use of Altera Corporation's design tools, logic functions 
and other software and tools, and its AMPP partner logic 
functions, and any output files from any of the foregoing 
(including device programming or simulation files), and any 
associated documentation or information are expressly subject 
to the terms and conditions of the Altera Program License 
Subscription Agreement, Altera MegaCore Function License 
Agreement, or other applicable license agreement, including, 
without limitation, that your use is for the sole purpose of 
programming logic devices manufactured by Altera and sold by 
Altera or its authorized distributors.  Please refer to the 
applicable agreement for further details.



+---------------------------------------------------------------------------------+
; Flow Summary                                                                    ;
+------------------------------------+--------------------------------------------+
; Flow Status                        ; Successful - Mon Apr 08 16:24:23 2019      ;
; Quartus II 64-Bit Version          ; 13.0.0 Build 156 04/24/2013 SJ Web Edition ;
; Revision Name                      ; bancoRegistradores                         ;
; Top-level Entity Name              ; bancoRegistradores                         ;
; Family                             ; Cyclone IV GX                              ;
; Total logic elements               ; 98 / 14,400 ( < 1 % )                      ;
;     Total combinational functions  ; 98 / 14,400 ( < 1 % )                      ;
;     Dedicated logic registers      ; 32 / 14,400 ( < 1 % )                      ;
; Total registers                    ; 32                                         ;
; Total pins                         ; 21 / 81 ( 26 % )                           ;
; Total virtual pins                 ; 0                                          ;
; Total memory bits                  ; 0 / 552,960 ( 0 % )                        ;
; Embedded Multiplier 9-bit elements ; 0                                          ;
; Total GXB Receiver Channel PCS     ; 0 / 2 ( 0 % )                              ;
; Total GXB Receiver Channel PMA     ; 0 / 2 ( 0 % )                              ;
; Total GXB Transmitter Channel PCS  ; 0 / 2 ( 0 % )                              ;
; Total GXB Transmitter Channel PMA  ; 0 / 2 ( 0 % )                              ;
; Total PLLs                         ; 0 / 3 ( 0 % )                              ;
; Device                             ; EP4CGX15BF14C6                             ;
; Timing Models                      ; Final                                      ;
+------------------------------------+--------------------------------------------+


+-----------------------------------------+
; Flow Settings                           ;
+-------------------+---------------------+
; Option            ; Setting             ;
+-------------------+---------------------+
; Start date & time ; 04/08/2019 16:23:58 ;
; Main task         ; Compilation         ;
; Revision Name     ; bancoRegistradores  ;
+-------------------+---------------------+


+---------------------------------------------------------------------------------------------------------------------------------+
; Flow Non-Default Global Settings                                                                                                ;
+--------------------------------------+------------------------------------+---------------+-------------+-----------------------+
; Assignment Name                      ; Value                              ; Default Value ; Entity Name ; Section Id            ;
+--------------------------------------+------------------------------------+---------------+-------------+-----------------------+
; COMPILER_SIGNATURE_ID                ; 145361406741111.155475143805440    ; --            ; --          ; --                    ;
; EDA_DESIGN_INSTANCE_NAME             ; duv                                ; --            ; --          ; bancoRegistradores_tb ;
; EDA_NATIVELINK_SIMULATION_TEST_BENCH ; bancoRegistradores_tb              ; --            ; --          ; eda_simulation        ;
; EDA_OUTPUT_DATA_FORMAT               ; Verilog Hdl                        ; --            ; --          ; eda_simulation        ;
; EDA_SIMULATION_TOOL                  ; ModelSim-Altera (Verilog)          ; <None>        ; --          ; --                    ;
; EDA_TEST_BENCH_ENABLE_STATUS         ; TEST_BENCH_MODE                    ; --            ; --          ; eda_simulation        ;
; EDA_TEST_BENCH_FILE                  ; testbench/bancoRegistradores_tb.sv ; --            ; --          ; bancoRegistradores_tb ;
; EDA_TEST_BENCH_MODULE_NAME           ; bancoRegistradores_tb              ; --            ; --          ; bancoRegistradores_tb ;
; EDA_TEST_BENCH_NAME                  ; bancoRegistradores_tb              ; --            ; --          ; eda_simulation        ;
; EDA_TIME_SCALE                       ; 1 ps                               ; --            ; --          ; eda_simulation        ;
; PARTITION_COLOR                      ; 16764057                           ; --            ; --          ; Top                   ;
; PARTITION_FITTER_PRESERVATION_LEVEL  ; PLACEMENT_AND_ROUTING              ; --            ; --          ; Top                   ;
; PARTITION_NETLIST_TYPE               ; SOURCE                             ; --            ; --          ; Top                   ;
; USE_GENERATED_PHYSICAL_CONSTRAINTS   ; Off                                ; --            ; --          ; eda_blast_fpga        ;
+--------------------------------------+------------------------------------+---------------+-------------+-----------------------+


+-------------------------------------------------------------------------------------------------------------------------------+
; Flow Elapsed Time                                                                                                             ;
+---------------------------+--------------+-------------------------+---------------------+------------------------------------+
; Module Name               ; Elapsed Time ; Average Processors Used ; Peak Virtual Memory ; Total CPU Time (on all processors) ;
+---------------------------+--------------+-------------------------+---------------------+------------------------------------+
; Analysis & Synthesis      ; 00:00:03     ; 1.0                     ; 4654 MB             ; 00:00:02                           ;
; Fitter                    ; 00:00:09     ; 1.0                     ; 4990 MB             ; 00:00:07                           ;
; Assembler                 ; 00:00:03     ; 1.0                     ; 4623 MB             ; 00:00:01                           ;
; TimeQuest Timing Analyzer ; 00:00:05     ; 1.0                     ; 4629 MB             ; 00:00:03                           ;
; EDA Netlist Writer        ; 00:00:01     ; 1.0                     ; 4579 MB             ; 00:00:01                           ;
; Total                     ; 00:00:21     ; --                      ; --                  ; 00:00:14                           ;
+---------------------------+--------------+-------------------------+---------------------+------------------------------------+


+----------------------------------------------------------------------------------------+
; Flow OS Summary                                                                        ;
+---------------------------+------------------+-----------+------------+----------------+
; Module Name               ; Machine Hostname ; OS Name   ; OS Version ; Processor type ;
+---------------------------+------------------+-----------+------------+----------------+
; Analysis & Synthesis      ; DESKTOP-SF7HAO8  ; Windows 7 ; 6.2        ; x86_64         ;
; Fitter                    ; DESKTOP-SF7HAO8  ; Windows 7 ; 6.2        ; x86_64         ;
; Assembler                 ; DESKTOP-SF7HAO8  ; Windows 7 ; 6.2        ; x86_64         ;
; TimeQuest Timing Analyzer ; DESKTOP-SF7HAO8  ; Windows 7 ; 6.2        ; x86_64         ;
; EDA Netlist Writer        ; DESKTOP-SF7HAO8  ; Windows 7 ; 6.2        ; x86_64         ;
+---------------------------+------------------+-----------+------------+----------------+


------------
; Flow Log ;
------------
quartus_map --read_settings_files=on --write_settings_files=off bancoRegistradores -c bancoRegistradores
quartus_fit --read_settings_files=off --write_settings_files=off bancoRegistradores -c bancoRegistradores
quartus_asm --read_settings_files=off --write_settings_files=off bancoRegistradores -c bancoRegistradores
quartus_sta bancoRegistradores -c bancoRegistradores
quartus_eda --read_settings_files=off --write_settings_files=off bancoRegistradores -c bancoRegistradores



