Flow report for registradorEnReset
Tue Jun 05 13:27:19 2018
Quartus Prime Version 17.1.0 Build 590 10/25/2017 SJ Lite Edition


---------------------
; Table of Contents ;
---------------------
  1. Legal Notice
  2. Flow Summary
  3. Flow Settings
  4. Flow Non-Default Global Settings
  5. Flow Elapsed Time
  6. Flow OS Summary
  7. Flow Log
  8. Flow Messages
  9. Flow Suppressed Messages



----------------
; Legal Notice ;
----------------
Copyright (C) 2017  Intel Corporation. All rights reserved.
Your use of Intel Corporation's design tools, logic functions 
and other software and tools, and its AMPP partner logic 
functions, and any output files from any of the foregoing 
(including device programming or simulation files), and any 
associated documentation or information are expressly subject 
to the terms and conditions of the Intel Program License 
Subscription Agreement, the Intel Quartus Prime License Agreement,
the Intel FPGA IP License Agreement, or other applicable license
agreement, including, without limitation, that your use is for
the sole purpose of programming logic devices manufactured by
Intel and sold by Intel or its authorized distributors.  Please
refer to the applicable agreement for further details.



+----------------------------------------------------------------------------------+
; Flow Summary                                                                     ;
+------------------------------------+---------------------------------------------+
; Flow Status                        ; Successful - Tue Jun 05 13:27:19 2018       ;
; Quartus Prime Version              ; 17.1.0 Build 590 10/25/2017 SJ Lite Edition ;
; Revision Name                      ; registradorEnReset                          ;
; Top-level Entity Name              ; registradorEnReset                          ;
; Family                             ; Cyclone IV E                                ;
; Total logic elements               ; 32 / 6,272 ( < 1 % )                        ;
;     Total combinational functions  ; 0 / 6,272 ( 0 % )                           ;
;     Dedicated logic registers      ; 32 / 6,272 ( < 1 % )                        ;
; Total registers                    ; 32                                          ;
; Total pins                         ; 67 / 180 ( 37 % )                           ;
; Total virtual pins                 ; 0                                           ;
; Total memory bits                  ; 0 / 276,480 ( 0 % )                         ;
; Embedded Multiplier 9-bit elements ; 0 / 30 ( 0 % )                              ;
; Total PLLs                         ; 0 / 2 ( 0 % )                               ;
; Device                             ; EP4CE6F17C6                                 ;
; Timing Models                      ; Final                                       ;
+------------------------------------+---------------------------------------------+


+-----------------------------------------+
; Flow Settings                           ;
+-------------------+---------------------+
; Option            ; Setting             ;
+-------------------+---------------------+
; Start date & time ; 06/05/2018 13:26:26 ;
; Main task         ; Compilation         ;
; Revision Name     ; registradorEnReset  ;
+-------------------+---------------------+


+-------------------------------------------------------------------------------------------------------------------------------------+
; Flow Non-Default Global Settings                                                                                                    ;
+--------------------------------------+----------------------------------------+---------------+-------------+-----------------------+
; Assignment Name                      ; Value                                  ; Default Value ; Entity Name ; Section Id            ;
+--------------------------------------+----------------------------------------+---------------+-------------+-----------------------+
; COMPILER_SIGNATURE_ID                ; 167690713817776.152821598507984        ; --            ; --          ; --                    ;
; EDA_DESIGN_INSTANCE_NAME             ; NA                                     ; --            ; --          ; registradorEnReset_tb ;
; EDA_NATIVELINK_SIMULATION_TEST_BENCH ; registradorEnReset_tb                  ; --            ; --          ; eda_simulation        ;
; EDA_OUTPUT_DATA_FORMAT               ; Systemverilog Hdl                      ; --            ; --          ; eda_simulation        ;
; EDA_SIMULATION_TOOL                  ; ModelSim-Altera (SystemVerilog)        ; <None>        ; --          ; --                    ;
; EDA_TEST_BENCH_ENABLE_STATUS         ; TEST_BENCH_MODE                        ; --            ; --          ; eda_simulation        ;
; EDA_TEST_BENCH_FILE                  ; testbench/registradorEnReset_tb.sv     ; --            ; --          ; registradorEnReset_tb ;
; EDA_TEST_BENCH_MODULE_NAME           ; registradorEnReset_tb                  ; --            ; --          ; registradorEnReset_tb ;
; EDA_TEST_BENCH_NAME                  ; registradorEnReset_tb                  ; --            ; --          ; eda_simulation        ;
; EDA_TIME_SCALE                       ; 1 ps                                   ; --            ; --          ; eda_simulation        ;
; PARTITION_COLOR                      ; -- (Not supported for targeted family) ; --            ; --          ; Top                   ;
; PARTITION_FITTER_PRESERVATION_LEVEL  ; -- (Not supported for targeted family) ; --            ; --          ; Top                   ;
; PARTITION_NETLIST_TYPE               ; -- (Not supported for targeted family) ; --            ; --          ; Top                   ;
; PROJECT_OUTPUT_DIRECTORY             ; output_files                           ; --            ; --          ; --                    ;
+--------------------------------------+----------------------------------------+---------------+-------------+-----------------------+


+-------------------------------------------------------------------------------------------------------------------------------+
; Flow Elapsed Time                                                                                                             ;
+---------------------------+--------------+-------------------------+---------------------+------------------------------------+
; Module Name               ; Elapsed Time ; Average Processors Used ; Peak Virtual Memory ; Total CPU Time (on all processors) ;
+---------------------------+--------------+-------------------------+---------------------+------------------------------------+
; Analysis & Synthesis      ; 00:00:27     ; 1.0                     ; 647 MB              ; 00:00:40                           ;
; Fitter                    ; 00:00:09     ; 1.0                     ; 1168 MB             ; 00:00:09                           ;
; Assembler                 ; 00:00:01     ; 1.0                     ; 590 MB              ; 00:00:02                           ;
; TimeQuest Timing Analyzer ; 00:00:05     ; 1.0                     ; 661 MB              ; 00:00:04                           ;
; EDA Netlist Writer        ; 00:00:03     ; 1.0                     ; 561 MB              ; 00:00:02                           ;
; Total                     ; 00:00:45     ; --                      ; --                  ; 00:00:57                           ;
+---------------------------+--------------+-------------------------+---------------------+------------------------------------+


+-----------------------------------------------------------------------------------------+
; Flow OS Summary                                                                         ;
+---------------------------+------------------+------------+------------+----------------+
; Module Name               ; Machine Hostname ; OS Name    ; OS Version ; Processor type ;
+---------------------------+------------------+------------+------------+----------------+
; Analysis & Synthesis      ; LAPTOP-K8EM51TL  ; Windows 10 ; 10.0       ; x86_64         ;
; Fitter                    ; LAPTOP-K8EM51TL  ; Windows 10 ; 10.0       ; x86_64         ;
; Assembler                 ; LAPTOP-K8EM51TL  ; Windows 10 ; 10.0       ; x86_64         ;
; TimeQuest Timing Analyzer ; LAPTOP-K8EM51TL  ; Windows 10 ; 10.0       ; x86_64         ;
; EDA Netlist Writer        ; LAPTOP-K8EM51TL  ; Windows 10 ; 10.0       ; x86_64         ;
+---------------------------+------------------+------------+------------+----------------+


------------
; Flow Log ;
------------
quartus_map --read_settings_files=on --write_settings_files=off registradorEnReset -c registradorEnReset
quartus_fit --read_settings_files=off --write_settings_files=off registradorEnReset -c registradorEnReset
quartus_asm --read_settings_files=off --write_settings_files=off registradorEnReset -c registradorEnReset
quartus_sta registradorEnReset -c registradorEnReset
quartus_eda --read_settings_files=off --write_settings_files=off registradorEnReset -c registradorEnReset



