Flow report for ShiftLeft2
Wed Apr 10 13:25:16 2019
Quartus II 64-Bit Version 13.0.0 Build 156 04/24/2013 SJ Web Edition


---------------------
; Table of Contents ;
---------------------
  1. Legal Notice
  2. Flow Summary
  3. Flow Settings
  4. Flow Non-Default Global Settings
  5. Flow Elapsed Time
  6. Flow OS Summary
  7. Flow Log
  8. Flow Messages
  9. Flow Suppressed Messages



----------------
; Legal Notice ;
----------------
Copyright (C) 1991-2013 Altera Corporation
Your use of Altera Corporation's design tools, logic functions 
and other software and tools, and its AMPP partner logic 
functions, and any output files from any of the foregoing 
(including device programming or simulation files), and any 
associated documentation or information are expressly subject 
to the terms and conditions of the Altera Program License 
Subscription Agreement, Altera MegaCore Function License 
Agreement, or other applicable license agreement, including, 
without limitation, that your use is for the sole purpose of 
programming logic devices manufactured by Altera and sold by 
Altera or its authorized distributors.  Please refer to the 
applicable agreement for further details.



+---------------------------------------------------------------------------------+
; Flow Summary                                                                    ;
+------------------------------------+--------------------------------------------+
; Flow Status                        ; Successful - Wed Apr 10 13:25:16 2019      ;
; Quartus II 64-Bit Version          ; 13.0.0 Build 156 04/24/2013 SJ Web Edition ;
; Revision Name                      ; ShiftLeft2                                 ;
; Top-level Entity Name              ; ShiftLeft2                                 ;
; Family                             ; Cyclone IV GX                              ;
; Total logic elements               ; 0 / 21,280 ( 0 % )                         ;
;     Total combinational functions  ; 0 / 21,280 ( 0 % )                         ;
;     Dedicated logic registers      ; 0 / 21,280 ( 0 % )                         ;
; Total registers                    ; 0                                          ;
; Total pins                         ; 64 / 167 ( 38 % )                          ;
; Total virtual pins                 ; 0                                          ;
; Total memory bits                  ; 0 / 774,144 ( 0 % )                        ;
; Embedded Multiplier 9-bit elements ; 0 / 80 ( 0 % )                             ;
; Total GXB Receiver Channel PCS     ; 0 / 4 ( 0 % )                              ;
; Total GXB Receiver Channel PMA     ; 0 / 4 ( 0 % )                              ;
; Total GXB Transmitter Channel PCS  ; 0 / 4 ( 0 % )                              ;
; Total GXB Transmitter Channel PMA  ; 0 / 4 ( 0 % )                              ;
; Total PLLs                         ; 0 / 4 ( 0 % )                              ;
; Device                             ; EP4CGX22CF19C6                             ;
; Timing Models                      ; Final                                      ;
+------------------------------------+--------------------------------------------+


+-----------------------------------------+
; Flow Settings                           ;
+-------------------+---------------------+
; Option            ; Setting             ;
+-------------------+---------------------+
; Start date & time ; 04/10/2019 13:24:55 ;
; Main task         ; Compilation         ;
; Revision Name     ; ShiftLeft2          ;
+-------------------+---------------------+


+-----------------------------------------------------------------------------------------------------------------------------+
; Flow Non-Default Global Settings                                                                                            ;
+--------------------------------------+---------------------------------+---------------+-------------+----------------------+
; Assignment Name                      ; Value                           ; Default Value ; Entity Name ; Section Id           ;
+--------------------------------------+---------------------------------+---------------+-------------+----------------------+
; COMPILER_SIGNATURE_ID                ; 145361406741111.155491349509104 ; --            ; --          ; --                   ;
; EDA_DESIGN_ENTRY_SYNTHESIS_TOOL      ; Design Compiler                 ; <None>        ; --          ; --                   ;
; EDA_DESIGN_INSTANCE_NAME             ; duv                             ; --            ; --          ; ShiftLeft2_tb        ;
; EDA_INPUT_DATA_FORMAT                ; Verilog Hdl                     ; --            ; --          ; eda_design_synthesis ;
; EDA_INPUT_VCC_NAME                   ; Vdd                             ; --            ; --          ; eda_design_synthesis ;
; EDA_LMF_FILE                         ; altsyn.lmf                      ; --            ; --          ; eda_design_synthesis ;
; EDA_NATIVELINK_SIMULATION_TEST_BENCH ; ShiftLeft2_tb                   ; --            ; --          ; eda_simulation       ;
; EDA_OUTPUT_DATA_FORMAT               ; Systemverilog Hdl               ; --            ; --          ; eda_simulation       ;
; EDA_SIMULATION_TOOL                  ; ModelSim-Altera (SystemVerilog) ; <None>        ; --          ; --                   ;
; EDA_TEST_BENCH_ENABLE_STATUS         ; TEST_BENCH_MODE                 ; --            ; --          ; eda_simulation       ;
; EDA_TEST_BENCH_FILE                  ; testbench/ShiftLeft2_tb.sv      ; --            ; --          ; ShiftLeft2_tb        ;
; EDA_TEST_BENCH_MODULE_NAME           ; ShiftLeft2_tb                   ; --            ; --          ; ShiftLeft2_tb        ;
; EDA_TEST_BENCH_NAME                  ; ShiftLeft2_tb                   ; --            ; --          ; eda_simulation       ;
; EDA_TIME_SCALE                       ; 1 ps                            ; --            ; --          ; eda_simulation       ;
; PARTITION_COLOR                      ; 16764057                        ; --            ; --          ; Top                  ;
; PARTITION_FITTER_PRESERVATION_LEVEL  ; PLACEMENT_AND_ROUTING           ; --            ; --          ; Top                  ;
; PARTITION_NETLIST_TYPE               ; SOURCE                          ; --            ; --          ; Top                  ;
; PROJECT_OUTPUT_DIRECTORY             ; output_files                    ; --            ; --          ; --                   ;
+--------------------------------------+---------------------------------+---------------+-------------+----------------------+


+-------------------------------------------------------------------------------------------------------------------------------+
; Flow Elapsed Time                                                                                                             ;
+---------------------------+--------------+-------------------------+---------------------+------------------------------------+
; Module Name               ; Elapsed Time ; Average Processors Used ; Peak Virtual Memory ; Total CPU Time (on all processors) ;
+---------------------------+--------------+-------------------------+---------------------+------------------------------------+
; Analysis & Synthesis      ; 00:00:01     ; 1.0                     ; 4654 MB             ; 00:00:01                           ;
; Fitter                    ; 00:00:09     ; 1.0                     ; 5024 MB             ; 00:00:09                           ;
; Assembler                 ; 00:00:02     ; 1.0                     ; 4618 MB             ; 00:00:02                           ;
; TimeQuest Timing Analyzer ; 00:00:04     ; 1.0                     ; 4628 MB             ; 00:00:03                           ;
; EDA Netlist Writer        ; 00:00:00     ; 1.0                     ; 4579 MB             ; 00:00:01                           ;
; Total                     ; 00:00:16     ; --                      ; --                  ; 00:00:16                           ;
+---------------------------+--------------+-------------------------+---------------------+------------------------------------+


+----------------------------------------------------------------------------------------+
; Flow OS Summary                                                                        ;
+---------------------------+------------------+-----------+------------+----------------+
; Module Name               ; Machine Hostname ; OS Name   ; OS Version ; Processor type ;
+---------------------------+------------------+-----------+------------+----------------+
; Analysis & Synthesis      ; DESKTOP-SF7HAO8  ; Windows 7 ; 6.2        ; x86_64         ;
; Fitter                    ; DESKTOP-SF7HAO8  ; Windows 7 ; 6.2        ; x86_64         ;
; Assembler                 ; DESKTOP-SF7HAO8  ; Windows 7 ; 6.2        ; x86_64         ;
; TimeQuest Timing Analyzer ; DESKTOP-SF7HAO8  ; Windows 7 ; 6.2        ; x86_64         ;
; EDA Netlist Writer        ; DESKTOP-SF7HAO8  ; Windows 7 ; 6.2        ; x86_64         ;
+---------------------------+------------------+-----------+------------+----------------+


------------
; Flow Log ;
------------
quartus_map --read_settings_files=on --write_settings_files=off ShiftLeft2 -c ShiftLeft2
quartus_fit --read_settings_files=off --write_settings_files=off ShiftLeft2 -c ShiftLeft2
quartus_asm --read_settings_files=off --write_settings_files=off ShiftLeft2 -c ShiftLeft2
quartus_sta ShiftLeft2 -c ShiftLeft2
quartus_eda --read_settings_files=off --write_settings_files=off ShiftLeft2 -c ShiftLeft2



